{"C:\\Users\\Narek_Davityan\\Desktop\\reactHome-master - Copy (2)\\src\\App.js": {"path":"C:\\Users\\Narek_Davityan\\Desktop\\reactHome-master - Copy (2)\\src\\App.js","statementMap":{"0":{"start":{"line":11,"column":8},"end":{"line":21,"column":9}}},"fnMap":{"0":{"name":"(anonymous_0)","decl":{"start":{"line":10,"column":4},"end":{"line":10,"column":5}},"loc":{"start":{"line":10,"column":13},"end":{"line":22,"column":5}},"line":10}},"branchMap":{},"s":{"0":1},"f":{"0":1},"b":{},"_coverageSchema":"43e27e138ebf9cfc5966b082cf9a028302ed4184","hash":"fd22ace4542be9ceb977e8760237c4c07d374620"}
,"C:\\Users\\Narek_Davityan\\Desktop\\reactHome-master - Copy (2)\\src\\ErrorBoundary\\ErrorBoundary.js": {"path":"C:\\Users\\Narek_Davityan\\Desktop\\reactHome-master - Copy (2)\\src\\ErrorBoundary\\ErrorBoundary.js","statementMap":{"0":{"start":{"line":5,"column":6},"end":{"line":5,"column":19}},"1":{"start":{"line":6,"column":6},"end":{"line":6,"column":51}},"2":{"start":{"line":13,"column":6},"end":{"line":16,"column":8}},"3":{"start":{"line":20,"column":8},"end":{"line":31,"column":9}},"4":{"start":{"line":21,"column":10},"end":{"line":30,"column":12}},"5":{"start":{"line":32,"column":8},"end":{"line":32,"column":35}}},"fnMap":{"0":{"name":"(anonymous_0)","decl":{"start":{"line":4,"column":4},"end":{"line":4,"column":5}},"loc":{"start":{"line":4,"column":23},"end":{"line":7,"column":5}},"line":4},"1":{"name":"(anonymous_1)","decl":{"start":{"line":11,"column":4},"end":{"line":11,"column":5}},"loc":{"start":{"line":11,"column":35},"end":{"line":17,"column":5}},"line":11},"2":{"name":"(anonymous_2)","decl":{"start":{"line":19,"column":4},"end":{"line":19,"column":5}},"loc":{"start":{"line":19,"column":13},"end":{"line":33,"column":7}},"line":19}},"branchMap":{"0":{"loc":{"start":{"line":20,"column":8},"end":{"line":31,"column":9}},"type":"if","locations":[{"start":{"line":20,"column":8},"end":{"line":31,"column":9}},{"start":{"line":20,"column":8},"end":{"line":31,"column":9}}],"line":20},"1":{"loc":{"start":{"line":25,"column":17},"end":{"line":25,"column":64}},"type":"binary-expr","locations":[{"start":{"line":25,"column":17},"end":{"line":25,"column":33}},{"start":{"line":25,"column":37},"end":{"line":25,"column":64}}],"line":25}},"s":{"0":1,"1":1,"2":0,"3":1,"4":0,"5":1},"f":{"0":1,"1":0,"2":1},"b":{"0":[0,1],"1":[0,0]},"_coverageSchema":"43e27e138ebf9cfc5966b082cf9a028302ed4184","hash":"3fc59dc880fd2ea74b1100cd01f1bbd275d67517"}
,"C:\\Users\\Narek_Davityan\\Desktop\\reactHome-master - Copy (2)\\src\\mainComponents\\Card\\Card.js": {"path":"C:\\Users\\Narek_Davityan\\Desktop\\reactHome-master - Copy (2)\\src\\mainComponents\\Card\\Card.js","statementMap":{"0":{"start":{"line":14,"column":8},"end":{"line":20,"column":46}},"1":{"start":{"line":15,"column":21},"end":{"line":15,"column":31}},"2":{"start":{"line":17,"column":12},"end":{"line":19,"column":14}},"3":{"start":{"line":20,"column":25},"end":{"line":20,"column":45}},"4":{"start":{"line":24,"column":23},"end":{"line":24,"column":38}},"5":{"start":{"line":25,"column":8},"end":{"line":35,"column":9}},"6":{"start":{"line":31,"column":50},"end":{"line":31,"column":84}}},"fnMap":{"0":{"name":"(anonymous_0)","decl":{"start":{"line":13,"column":4},"end":{"line":13,"column":5}},"loc":{"start":{"line":13,"column":23},"end":{"line":21,"column":5}},"line":13},"1":{"name":"(anonymous_1)","decl":{"start":{"line":15,"column":14},"end":{"line":15,"column":15}},"loc":{"start":{"line":15,"column":21},"end":{"line":15,"column":31}},"line":15},"2":{"name":"(anonymous_2)","decl":{"start":{"line":16,"column":14},"end":{"line":16,"column":15}},"loc":{"start":{"line":17,"column":12},"end":{"line":19,"column":14}},"line":17},"3":{"name":"(anonymous_3)","decl":{"start":{"line":20,"column":16},"end":{"line":20,"column":17}},"loc":{"start":{"line":20,"column":25},"end":{"line":20,"column":45}},"line":20},"4":{"name":"(anonymous_4)","decl":{"start":{"line":23,"column":4},"end":{"line":23,"column":5}},"loc":{"start":{"line":23,"column":13},"end":{"line":36,"column":5}},"line":23},"5":{"name":"(anonymous_5)","decl":{"start":{"line":31,"column":32},"end":{"line":31,"column":33}},"loc":{"start":{"line":31,"column":50},"end":{"line":31,"column":84}},"line":31}},"branchMap":{},"s":{"0":1,"1":0,"2":0,"3":0,"4":1,"5":1,"6":0},"f":{"0":1,"1":0,"2":0,"3":0,"4":1,"5":0},"b":{},"_coverageSchema":"43e27e138ebf9cfc5966b082cf9a028302ed4184","hash":"a7487b2a353255e265469f1193d3049ef962dc36"}
,"C:\\Users\\Narek_Davityan\\Desktop\\reactHome-master - Copy (2)\\src\\mainComponents\\CardItem\\CardItem.js": {"path":"C:\\Users\\Narek_Davityan\\Desktop\\reactHome-master - Copy (2)\\src\\mainComponents\\CardItem\\CardItem.js","statementMap":{"0":{"start":{"line":6,"column":4},"end":{"line":16,"column":5}}},"fnMap":{"0":{"name":"(anonymous_0)","decl":{"start":{"line":5,"column":15},"end":{"line":5,"column":16}},"loc":{"start":{"line":5,"column":65},"end":{"line":17,"column":1}},"line":5}},"branchMap":{"0":{"loc":{"start":{"line":12,"column":82},"end":{"line":12,"column":122}},"type":"binary-expr","locations":[{"start":{"line":12,"column":82},"end":{"line":12,"column":94}},{"start":{"line":12,"column":98},"end":{"line":12,"column":122}}],"line":12}},"s":{"0":1},"f":{"0":1},"b":{"0":[1,1]},"_coverageSchema":"43e27e138ebf9cfc5966b082cf9a028302ed4184","hash":"641b4cbf4f442cd6b8f34a9be7c41c8ee332f7a1"}
,"C:\\Users\\Narek_Davityan\\Desktop\\reactHome-master - Copy (2)\\src\\mainComponents\\Footer\\Footer.js": {"path":"C:\\Users\\Narek_Davityan\\Desktop\\reactHome-master - Copy (2)\\src\\mainComponents\\Footer\\Footer.js","statementMap":{"0":{"start":{"line":7,"column":8},"end":{"line":16,"column":9}}},"fnMap":{"0":{"name":"(anonymous_0)","decl":{"start":{"line":6,"column":4},"end":{"line":6,"column":5}},"loc":{"start":{"line":6,"column":13},"end":{"line":17,"column":5}},"line":6}},"branchMap":{},"s":{"0":1},"f":{"0":1},"b":{},"_coverageSchema":"43e27e138ebf9cfc5966b082cf9a028302ed4184","hash":"65def861eca1c23ad273a347a7e2cd68463f6262"}
,"C:\\Users\\Narek_Davityan\\Desktop\\reactHome-master - Copy (2)\\src\\mainComponents\\Header\\Header.js": {"path":"C:\\Users\\Narek_Davityan\\Desktop\\reactHome-master - Copy (2)\\src\\mainComponents\\Header\\Header.js","statementMap":{"0":{"start":{"line":8,"column":8},"end":{"line":21,"column":9}}},"fnMap":{"0":{"name":"(anonymous_0)","decl":{"start":{"line":7,"column":4},"end":{"line":7,"column":5}},"loc":{"start":{"line":7,"column":13},"end":{"line":22,"column":5}},"line":7}},"branchMap":{},"s":{"0":1},"f":{"0":1},"b":{},"_coverageSchema":"43e27e138ebf9cfc5966b082cf9a028302ed4184","hash":"de7c57eefc1cd7677216fc20d5c66dbee400134a"}
,"C:\\Users\\Narek_Davityan\\Desktop\\reactHome-master - Copy (2)\\src\\mainComponents\\Search\\Search.js": {"path":"C:\\Users\\Narek_Davityan\\Desktop\\reactHome-master - Copy (2)\\src\\mainComponents\\Search\\Search.js","statementMap":{"0":{"start":{"line":8,"column":8},"end":{"line":8,"column":27}},"1":{"start":{"line":12,"column":8},"end":{"line":35,"column":9}}},"fnMap":{"0":{"name":"(anonymous_0)","decl":{"start":{"line":7,"column":19},"end":{"line":7,"column":20}},"loc":{"start":{"line":7,"column":26},"end":{"line":9,"column":5}},"line":7},"1":{"name":"(anonymous_1)","decl":{"start":{"line":11,"column":4},"end":{"line":11,"column":5}},"loc":{"start":{"line":11,"column":13},"end":{"line":36,"column":5}},"line":11}},"branchMap":{},"s":{"0":0,"1":1},"f":{"0":0,"1":1},"b":{},"_coverageSchema":"43e27e138ebf9cfc5966b082cf9a028302ed4184","hash":"4039d8cdbe7aa862fc7df64d5a1e0486779b94e6"}
,"C:\\Users\\Narek_Davityan\\Desktop\\reactHome-master - Copy (2)\\src\\mainComponents\\SortingSection\\SortingSection.js": {"path":"C:\\Users\\Narek_Davityan\\Desktop\\reactHome-master - Copy (2)\\src\\mainComponents\\SortingSection\\SortingSection.js","statementMap":{"0":{"start":{"line":7,"column":4},"end":{"line":21,"column":5}}},"fnMap":{"0":{"name":"(anonymous_0)","decl":{"start":{"line":6,"column":2},"end":{"line":6,"column":3}},"loc":{"start":{"line":6,"column":11},"end":{"line":22,"column":3}},"line":6}},"branchMap":{},"s":{"0":1},"f":{"0":1},"b":{},"_coverageSchema":"43e27e138ebf9cfc5966b082cf9a028302ed4184","hash":"ecbc5852013fd8ea1581ab6bb092ebf3377cc977"}
}
